<?xml version="1.0" encoding="utf-8"?><testsuites name="pytest tests"><testsuite name="pytest" errors="0" failures="0" skipped="0" tests="23" time="2.189" timestamp="2026-07-20T11:00:41.489110+00:00" hostname="agent-env-6bf655b7-9c66-4c72-ba39-bbd903f54c0c"><testcase classname="tests.test_portfolio_api" name="test_root_hello_world" time="0.276" /><testcase classname="tests.test_cover_letter_and_currency" name="test_cover_letter_warm_default" time="0.278" /><testcase classname="tests.test_portfolio_api" name="test_contact_post_success_and_persistence" time="0.105" /><testcase classname="tests.test_cover_letter_and_currency" name="test_cover_letter_formal_with_company" time="0.134" /><testcase classname="tests.test_portfolio_api" name="test_contact_invalid_email" time="0.097" /><testcase classname="tests.test_cover_letter_and_currency" name="test_cover_letter_bold_with_company" time="0.099" /><testcase classname="tests.test_portfolio_api" name="test_hire_post_empty_body_rejected" time="0.170" /><testcase classname="tests.test_cover_letter_and_currency" name="test_cover_letter_invalid_tone_falls_back_to_warm" time="0.096" /><testcase classname="tests.test_cover_letter_and_currency" name="test_resume_pdf_still_ok" time="0.106" /><testcase classname="tests.test_portfolio_api" name="test_hire_post_success" time="0.167" /><testcase classname="tests.test_cover_letter_and_currency" name="test_hire_accepts_localized_budget[&lt; \u20b91L]" time="0.111" /><testcase classname="tests.test_portfolio_api" name="test_hire_invalid_email" time="0.092" /><testcase classname="tests.test_cover_letter_and_currency" name="test_hire_accepts_localized_budget[\u20b91L \u2013 \u20b93L]" time="0.097" /><testcase classname="tests.test_portfolio_api" name="test_analytics_events_batch" time="0.140" /><testcase classname="tests.test_cover_letter_and_currency" name="test_hire_accepts_localized_budget[\u20b93L \u2013 \u20b96L]" time="0.099" /><testcase classname="tests.test_cover_letter_and_currency" name="test_hire_accepts_localized_budget[\u20b96L+]" time="0.108" /><testcase classname="tests.test_portfolio_api" name="test_analytics_events_empty_rejected" time="0.132" /><testcase classname="tests.test_cover_letter_and_currency" name="test_hire_accepts_localized_budget[&lt; $1.2k]" time="0.112" /><testcase classname="tests.test_portfolio_api" name="test_analytics_summary_shape" time="0.095" /><testcase classname="tests.test_cover_letter_and_currency" name="test_hire_accepts_localized_budget[$1.2k \u2013 $3.5k]" time="0.091" /><testcase classname="tests.test_portfolio_api" name="test_resume_pdf_download" time="0.090" /><testcase classname="tests.test_cover_letter_and_currency" name="test_hire_accepts_localized_budget[$3.5k \u2013 $7k]" time="0.098" /><testcase classname="tests.test_cover_letter_and_currency" name="test_hire_accepts_localized_budget[$7k+]" time="0.088" /></testsuite></testsuites>